<html>
<head>
<title>TestNG:  testCB</title>
<link href="../testng.css" rel="stylesheet" type="text/css" />
<link href="../my-testng.css" rel="stylesheet" type="text/css" />

<style type="text/css">
.log { display: none;} 
.stack-trace { display: none;} 
</style>
<script type="text/javascript">
<!--
function flip(e) {
  current = e.style.display;
  if (current == 'block') {
    e.style.display = 'none';
    return 0;
  }
  else {
    e.style.display = 'block';
    return 1;
  }
}

function toggleBox(szDivId, elem, msg1, msg2)
{
  var res = -1;  if (document.getElementById) {
    res = flip(document.getElementById(szDivId));
  }
  else if (document.all) {
    // this is the way old msie versions work
    res = flip(document.all[szDivId]);
  }
  if(elem) {
    if(res == 0) elem.innerHTML = msg1; else elem.innerHTML = msg2;
  }

}

function toggleAllBoxes() {
  if (document.getElementsByTagName) {
    d = document.getElementsByTagName('div');
    for (i = 0; i < d.length; i++) {
      if (d[i].className == 'log') {
        flip(d[i]);
      }
    }
  }
}

// -->
</script>

</head>
<body>
<h2 align='center'>testCB</h2><table border='1' align="center">
<tr>
<td>Tests passed/Failed/Skipped:</td><td>34/0/0</td>
</tr><tr>
<td>Started on:</td><td>Tue Jul 16 11:58:10 PDT 2019</td>
</tr>
<tr><td>Total time:</td><td>5 seconds (5573 ms)</td>
</tr><tr>
<td>Included groups:</td><td></td>
</tr><tr>
<td>Excluded groups:</td><td></td>
</tr>
</table><p/>
<small><i>(Hover the method name to see the test class name)</i></small><p/>
<table width='100%' border='1' class='invocation-passed'>
<tr><td colspan='4' align='center'><b>PASSED TESTS</b></td></tr>
<tr><td><b>Test method</b></td>
<td width="30%"><b>Exception</b></td>
<td width="10%"><b>Time (seconds)</b></td>
<td><b>Instance</b></td>
</tr>
<tr>
<td title='cb.loadDoc.AddDocumentTest.bulkInsert()'><b>bulkInsert</b><br>Test class: cb.loadDoc.AddDocumentTest<br>Parameters: {
    "fruit": "Apple",
    "size": "Large",
    "color": "Red"
}, bulk_id_, 3</td>
<td></td>
<td>0</td>
<td>cb.loadDoc.AddDocumentTest@5f16132a</td></tr>
<tr>
<td title='cb.loadDoc.AddDocumentTest.concurrentTest()'><b>concurrentTest</b><br>Test class: cb.loadDoc.AddDocumentTest<br>Parameters: {
	"City": "Santa Clara",
	"Temperature": "70 F"
}, doc_concurrent_1</td>
<td></td>
<td>0</td>
<td>cb.loadDoc.AddDocumentTest@5f16132a</td></tr>
<tr>
<td title='cb.loadDoc.AddDocumentTest.concurrentTest()'><b>concurrentTest</b><br>Test class: cb.loadDoc.AddDocumentTest<br>Parameters: {
	"City": "Santa Clara",
	"Temperature": "70 F"
}, doc_concurrent_1</td>
<td></td>
<td>0</td>
<td>cb.loadDoc.AddDocumentTest@5f16132a</td></tr>
<tr>
<td title='cb.loadDoc.AddDocumentTest.concurrentTest()'><b>concurrentTest</b><br>Test class: cb.loadDoc.AddDocumentTest<br>Parameters: {
	"City": "Santa Ana",
	"Temperature": "72 F"
}, doc_concurrent_2</td>
<td></td>
<td>0</td>
<td>cb.loadDoc.AddDocumentTest@5f16132a</td></tr>
<tr>
<td title='cb.loadDoc.AddDocumentTest.concurrentTest()'><b>concurrentTest</b><br>Test class: cb.loadDoc.AddDocumentTest<br>Parameters: {
	"City": "Santa Ana",
	"Temperature": "72 F"
}, doc_concurrent_2</td>
<td></td>
<td>0</td>
<td>cb.loadDoc.AddDocumentTest@5f16132a</td></tr>
<tr>
<td title='cb.loadDoc.AddDocumentTest.concurrentTest()'><b>concurrentTest</b><br>Test class: cb.loadDoc.AddDocumentTest<br>Parameters: {
	"City": "Santa Cruz",
	"Temperature": "71 F"
}, doc_concurrent_3</td>
<td></td>
<td>0</td>
<td>cb.loadDoc.AddDocumentTest@5f16132a</td></tr>
<tr>
<td title='cb.loadDoc.AddDocumentTest.concurrentTest()'><b>concurrentTest</b><br>Test class: cb.loadDoc.AddDocumentTest<br>Parameters: {
	"City": "Santa Cruz",
	"Temperature": "71 F"
}, doc_concurrent_3</td>
<td></td>
<td>0</td>
<td>cb.loadDoc.AddDocumentTest@5f16132a</td></tr>
<tr>
<td title='cb.loadDoc.AddDocumentTest.concurrentTest()'><b>concurrentTest</b><br>Test class: cb.loadDoc.AddDocumentTest<br>Parameters: {
	"City": "Santa Barbara",
	"Temperature": "76 F"
}, doc_concurrent_4</td>
<td></td>
<td>0</td>
<td>cb.loadDoc.AddDocumentTest@5f16132a</td></tr>
<tr>
<td title='cb.loadDoc.AddDocumentTest.concurrentTest()'><b>concurrentTest</b><br>Test class: cb.loadDoc.AddDocumentTest<br>Parameters: {
	"City": "Santa Barbara",
	"Temperature": "76 F"
}, doc_concurrent_4</td>
<td></td>
<td>0</td>
<td>cb.loadDoc.AddDocumentTest@5f16132a</td></tr>
<tr>
<td title='cb.loadDoc.AddDocumentTest.concurrentTest()'><b>concurrentTest</b><br>Test class: cb.loadDoc.AddDocumentTest<br>Parameters: {
	"City": "Santa Monica",
	"Temperature": "74 F"
}, doc_concurrent_5</td>
<td></td>
<td>0</td>
<td>cb.loadDoc.AddDocumentTest@5f16132a</td></tr>
<tr>
<td title='cb.loadDoc.AddDocumentTest.concurrentTest()'><b>concurrentTest</b><br>Test class: cb.loadDoc.AddDocumentTest<br>Parameters: {
	"City": "Santa Monica",
	"Temperature": "74 F"
}, doc_concurrent_5</td>
<td></td>
<td>0</td>
<td>cb.loadDoc.AddDocumentTest@5f16132a</td></tr>
<tr>
<td title='cb.loadDoc.AddDocumentTest.concurrentTest()'><b>concurrentTest</b><br>Test class: cb.loadDoc.AddDocumentTest<br>Parameters: {
	"City": "Santa Fe",
	"Temperature": "78 F"
}, doc_concurrent_6</td>
<td></td>
<td>0</td>
<td>cb.loadDoc.AddDocumentTest@5f16132a</td></tr>
<tr>
<td title='cb.loadDoc.AddDocumentTest.concurrentTest()'><b>concurrentTest</b><br>Test class: cb.loadDoc.AddDocumentTest<br>Parameters: {
	"City": "Santa Fe",
	"Temperature": "78 F"
}, doc_concurrent_6</td>
<td></td>
<td>0</td>
<td>cb.loadDoc.AddDocumentTest@5f16132a</td></tr>
<tr>
<td title='cb.loadDoc.AddDocumentTest.concurrentTest()'><b>concurrentTest</b><br>Test class: cb.loadDoc.AddDocumentTest<br>Parameters: {
	"City": "Santa Rosa",
	"Temperature": "77 F"
}, doc_concurrent_7</td>
<td></td>
<td>0</td>
<td>cb.loadDoc.AddDocumentTest@5f16132a</td></tr>
<tr>
<td title='cb.loadDoc.AddDocumentTest.concurrentTest()'><b>concurrentTest</b><br>Test class: cb.loadDoc.AddDocumentTest<br>Parameters: {
	"City": "Santa Rosa",
	"Temperature": "77 F"
}, doc_concurrent_7</td>
<td></td>
<td>0</td>
<td>cb.loadDoc.AddDocumentTest@5f16132a</td></tr>
<tr>
<td title='cb.loadDoc.AddDocumentTest.concurrentTest()'><b>concurrentTest</b><br>Test class: cb.loadDoc.AddDocumentTest<br>Parameters: {
	"City": "Santa Maria",
	"Temperature": "79 F"
}, doc_concurrent_8</td>
<td></td>
<td>0</td>
<td>cb.loadDoc.AddDocumentTest@5f16132a</td></tr>
<tr>
<td title='cb.loadDoc.AddDocumentTest.concurrentTest()'><b>concurrentTest</b><br>Test class: cb.loadDoc.AddDocumentTest<br>Parameters: {
	"City": "Santa Maria",
	"Temperature": "79 F"
}, doc_concurrent_8</td>
<td></td>
<td>0</td>
<td>cb.loadDoc.AddDocumentTest@5f16132a</td></tr>
<tr>
<td title='cb.loadDoc.AddDocumentTest.insertJsonFromFile()'><b>insertJsonFromFile</b><br>Test class: cb.loadDoc.AddDocumentTest</td>
<td></td>
<td>0</td>
<td>cb.loadDoc.AddDocumentTest@5f16132a</td></tr>
<tr>
<td title='cb.loadDoc.ClusterConnectionTest.invalidConnection()'><b>invalidConnection</b><br>Test class: cb.loadDoc.ClusterConnectionTest</td>
<td><div><pre>java.lang.IllegalArgumentException: Bucket name is not allowed to be null or empty.
	at com.couchbase.client.java.CouchbaseCluster.openBucket(CouchbaseCluster.java:285)
	at com.couchbase.client.java.CouchbaseCluster.openBucket(CouchbaseCluster.java:274)
	at com.couchbase.client.java.CouchbaseCluster.openBucket(CouchbaseCluster.java:269)
	at cb.loadDoc.ClusterConnection.setBucket(ClusterConnection.java:33)
	at cb.loadDoc.ClusterConnection.openConnection(ClusterConnection.java:42)
	at cb.loadDoc.ClusterConnectionTest.invalidConnection(ClusterConnectionTest.java:40)
... Removed 25 stack frames</pre></div><a href='#' onClick='toggleBox("stack-trace824881806", this, "Click to show all stack frames", "Click to hide stack frames")'>Click to show all stack frames</a>
<div class='stack-trace' id='stack-trace824881806'><pre>java.lang.IllegalArgumentException: Bucket name is not allowed to be null or empty.
	at com.couchbase.client.java.CouchbaseCluster.openBucket(CouchbaseCluster.java:285)
	at com.couchbase.client.java.CouchbaseCluster.openBucket(CouchbaseCluster.java:274)
	at com.couchbase.client.java.CouchbaseCluster.openBucket(CouchbaseCluster.java:269)
	at cb.loadDoc.ClusterConnection.setBucket(ClusterConnection.java:33)
	at cb.loadDoc.ClusterConnection.openConnection(ClusterConnection.java:42)
	at cb.loadDoc.ClusterConnectionTest.invalidConnection(ClusterConnectionTest.java:40)
	at java.base/jdk.internal.reflect.NativeMethodAccessorImpl.invoke0(Native Method)
	at java.base/jdk.internal.reflect.NativeMethodAccessorImpl.invoke(NativeMethodAccessorImpl.java:62)
	at java.base/jdk.internal.reflect.DelegatingMethodAccessorImpl.invoke(DelegatingMethodAccessorImpl.java:43)
	at java.base/java.lang.reflect.Method.invoke(Method.java:564)
	at org.testng.internal.MethodInvocationHelper.invokeMethod(MethodInvocationHelper.java:124)
	at org.testng.internal.Invoker.invokeMethod(Invoker.java:583)
	at org.testng.internal.Invoker.invokeTestMethod(Invoker.java:719)
	at org.testng.internal.Invoker.invokeTestMethods(Invoker.java:989)
	at org.testng.internal.TestMethodWorker.invokeTestMethods(TestMethodWorker.java:125)
	at org.testng.internal.TestMethodWorker.run(TestMethodWorker.java:109)
	at org.testng.TestRunner.privateRun(TestRunner.java:648)
	at org.testng.TestRunner.run(TestRunner.java:505)
	at org.testng.SuiteRunner.runTest(SuiteRunner.java:455)
	at org.testng.SuiteRunner.runSequentially(SuiteRunner.java:450)
	at org.testng.SuiteRunner.privateRun(SuiteRunner.java:415)
	at org.testng.SuiteRunner.run(SuiteRunner.java:364)
	at org.testng.SuiteRunnerWorker.runSuite(SuiteRunnerWorker.java:52)
	at org.testng.SuiteRunnerWorker.run(SuiteRunnerWorker.java:84)
	at org.testng.TestNG.runSuitesSequentially(TestNG.java:1208)
	at org.testng.TestNG.runSuitesLocally(TestNG.java:1137)
	at org.testng.TestNG.runSuites(TestNG.java:1049)
	at org.testng.TestNG.run(TestNG.java:1017)
	at org.testng.remote.AbstractRemoteTestNG.run(AbstractRemoteTestNG.java:115)
	at org.testng.remote.RemoteTestNG.initAndRun(RemoteTestNG.java:251)
	at org.testng.remote.RemoteTestNG.main(RemoteTestNG.java:77)
</pre></div></td>
<td>0</td>
<td>cb.loadDoc.ClusterConnectionTest@dd0c991</td></tr>
<tr>
<td title='cb.loadDoc.AddDocumentTest.removeDocument()'><b>removeDocument</b><br>Test class: cb.loadDoc.AddDocumentTest</td>
<td><div><pre>java.lang.NullPointerException
	at cb.loadDoc.AddDocument.getDocument(AddDocument.java:97)
	at cb.loadDoc.AddDocumentTest.removeDocument(AddDocumentTest.java:85)
... Removed 25 stack frames</pre></div><a href='#' onClick='toggleBox("stack-trace1011044643", this, "Click to show all stack frames", "Click to hide stack frames")'>Click to show all stack frames</a>
<div class='stack-trace' id='stack-trace1011044643'><pre>java.lang.NullPointerException
	at cb.loadDoc.AddDocument.getDocument(AddDocument.java:97)
	at cb.loadDoc.AddDocumentTest.removeDocument(AddDocumentTest.java:85)
	at java.base/jdk.internal.reflect.NativeMethodAccessorImpl.invoke0(Native Method)
	at java.base/jdk.internal.reflect.NativeMethodAccessorImpl.invoke(NativeMethodAccessorImpl.java:62)
	at java.base/jdk.internal.reflect.DelegatingMethodAccessorImpl.invoke(DelegatingMethodAccessorImpl.java:43)
	at java.base/java.lang.reflect.Method.invoke(Method.java:564)
	at org.testng.internal.MethodInvocationHelper.invokeMethod(MethodInvocationHelper.java:124)
	at org.testng.internal.Invoker.invokeMethod(Invoker.java:583)
	at org.testng.internal.Invoker.invokeTestMethod(Invoker.java:719)
	at org.testng.internal.Invoker.invokeTestMethods(Invoker.java:989)
	at org.testng.internal.TestMethodWorker.invokeTestMethods(TestMethodWorker.java:125)
	at org.testng.internal.TestMethodWorker.run(TestMethodWorker.java:109)
	at org.testng.TestRunner.privateRun(TestRunner.java:648)
	at org.testng.TestRunner.run(TestRunner.java:505)
	at org.testng.SuiteRunner.runTest(SuiteRunner.java:455)
	at org.testng.SuiteRunner.runSequentially(SuiteRunner.java:450)
	at org.testng.SuiteRunner.privateRun(SuiteRunner.java:415)
	at org.testng.SuiteRunner.run(SuiteRunner.java:364)
	at org.testng.SuiteRunnerWorker.runSuite(SuiteRunnerWorker.java:52)
	at org.testng.SuiteRunnerWorker.run(SuiteRunnerWorker.java:84)
	at org.testng.TestNG.runSuitesSequentially(TestNG.java:1208)
	at org.testng.TestNG.runSuitesLocally(TestNG.java:1137)
	at org.testng.TestNG.runSuites(TestNG.java:1049)
	at org.testng.TestNG.run(TestNG.java:1017)
	at org.testng.remote.AbstractRemoteTestNG.run(AbstractRemoteTestNG.java:115)
	at org.testng.remote.RemoteTestNG.initAndRun(RemoteTestNG.java:251)
	at org.testng.remote.RemoteTestNG.main(RemoteTestNG.java:77)
</pre></div></td>
<td>0</td>
<td>cb.loadDoc.AddDocumentTest@5f16132a</td></tr>
<tr>
<td title='cb.loadDoc.ClusterConnectionTest.setUpConnectionTest()'><b>setUpConnectionTest</b><br>Test class: cb.loadDoc.ClusterConnectionTest</td>
<td></td>
<td>0</td>
<td>cb.loadDoc.ClusterConnectionTest@dd0c991</td></tr>
<tr>
<td title='cb.loadDoc.AddDocumentTest.testAddWithExpiry()'><b>testAddWithExpiry</b><br>Test class: cb.loadDoc.AddDocumentTest<br>Parameters: { 
  "first_name"  :  "Sammy", 
  "last_name"   :  "Dill", 
  "age"      :  25 
}, doc_exp1, 1</td>
<td></td>
<td>5</td>
<td>cb.loadDoc.AddDocumentTest@5f16132a</td></tr>
<tr>
<td title='cb.loadDoc.AddDocumentTest.testAsyncAddNewDoc()'><b>testAsyncAddNewDoc</b><br>Test class: cb.loadDoc.AddDocumentTest<br>Parameters: {
	"employee": {
		"firstName": "Tim",
		"lastName": "Smith",
		"website": "john.com"
	}
}, doc_async_1</td>
<td></td>
<td>0</td>
<td>cb.loadDoc.AddDocumentTest@5f16132a</td></tr>
<tr>
<td title='cb.loadDoc.AddDocumentTest.testAsyncEmptyDoc()'><b>testAsyncEmptyDoc</b><br>Test class: cb.loadDoc.AddDocumentTest</td>
<td><div><pre>java.lang.IllegalArgumentException: Cannot convert string to JsonObject
	at com.couchbase.client.java.document.json.JsonObject.fromJson(JsonObject.java:190)
	at cb.loadDoc.AddDocument.asyncInsert(AddDocument.java:60)
	at cb.loadDoc.AddDocumentTest.testAsyncEmptyDoc(AddDocumentTest.java:140)
Caused by: java.lang.NullPointerException
	at com.couchbase.client.deps.com.fasterxml.jackson.core.JsonFactory.createParser(JsonFactory.java:889)
	at com.couchbase.client.deps.com.fasterxml.jackson.databind.ObjectMapper.readValue(ObjectMapper.java:3004)
	at com.couchbase.client.java.transcoder.JsonTranscoder.stringToJsonObject(JsonTranscoder.java:80)
	at com.couchbase.client.java.document.json.JsonObject.fromJson(JsonObject.java:188)
	... 27 more
... Removed 25 stack frames</pre></div><a href='#' onClick='toggleBox("stack-trace999647352", this, "Click to show all stack frames", "Click to hide stack frames")'>Click to show all stack frames</a>
<div class='stack-trace' id='stack-trace999647352'><pre>java.lang.IllegalArgumentException: Cannot convert string to JsonObject
	at com.couchbase.client.java.document.json.JsonObject.fromJson(JsonObject.java:190)
	at cb.loadDoc.AddDocument.asyncInsert(AddDocument.java:60)
	at cb.loadDoc.AddDocumentTest.testAsyncEmptyDoc(AddDocumentTest.java:140)
	at java.base/jdk.internal.reflect.NativeMethodAccessorImpl.invoke0(Native Method)
	at java.base/jdk.internal.reflect.NativeMethodAccessorImpl.invoke(NativeMethodAccessorImpl.java:62)
	at java.base/jdk.internal.reflect.DelegatingMethodAccessorImpl.invoke(DelegatingMethodAccessorImpl.java:43)
	at java.base/java.lang.reflect.Method.invoke(Method.java:564)
	at org.testng.internal.MethodInvocationHelper.invokeMethod(MethodInvocationHelper.java:124)
	at org.testng.internal.Invoker.invokeMethod(Invoker.java:583)
	at org.testng.internal.Invoker.invokeTestMethod(Invoker.java:719)
	at org.testng.internal.Invoker.invokeTestMethods(Invoker.java:989)
	at org.testng.internal.TestMethodWorker.invokeTestMethods(TestMethodWorker.java:125)
	at org.testng.internal.TestMethodWorker.run(TestMethodWorker.java:109)
	at org.testng.TestRunner.privateRun(TestRunner.java:648)
	at org.testng.TestRunner.run(TestRunner.java:505)
	at org.testng.SuiteRunner.runTest(SuiteRunner.java:455)
	at org.testng.SuiteRunner.runSequentially(SuiteRunner.java:450)
	at org.testng.SuiteRunner.privateRun(SuiteRunner.java:415)
	at org.testng.SuiteRunner.run(SuiteRunner.java:364)
	at org.testng.SuiteRunnerWorker.runSuite(SuiteRunnerWorker.java:52)
	at org.testng.SuiteRunnerWorker.run(SuiteRunnerWorker.java:84)
	at org.testng.TestNG.runSuitesSequentially(TestNG.java:1208)
	at org.testng.TestNG.runSuitesLocally(TestNG.java:1137)
	at org.testng.TestNG.runSuites(TestNG.java:1049)
	at org.testng.TestNG.run(TestNG.java:1017)
	at org.testng.remote.AbstractRemoteTestNG.run(AbstractRemoteTestNG.java:115)
	at org.testng.remote.RemoteTestNG.initAndRun(RemoteTestNG.java:251)
	at org.testng.remote.RemoteTestNG.main(RemoteTestNG.java:77)
Caused by: java.lang.NullPointerException
	at com.couchbase.client.deps.com.fasterxml.jackson.core.JsonFactory.createParser(JsonFactory.java:889)
	at com.couchbase.client.deps.com.fasterxml.jackson.databind.ObjectMapper.readValue(ObjectMapper.java:3004)
	at com.couchbase.client.java.transcoder.JsonTranscoder.stringToJsonObject(JsonTranscoder.java:80)
	at com.couchbase.client.java.document.json.JsonObject.fromJson(JsonObject.java:188)
	... 27 more
</pre></div></td>
<td>0</td>
<td>cb.loadDoc.AddDocumentTest@5f16132a</td></tr>
<tr>
<td title='cb.loadDoc.AddDocumentTest.testAsyncNonJsonDoc()'><b>testAsyncNonJsonDoc</b><br>Test class: cb.loadDoc.AddDocumentTest</td>
<td><div><pre>java.lang.IllegalArgumentException: Cannot convert string to JsonObject
	at com.couchbase.client.java.document.json.JsonObject.fromJson(JsonObject.java:190)
	at cb.loadDoc.AddDocument.asyncInsert(AddDocument.java:60)
	at cb.loadDoc.AddDocumentTest.testAsyncNonJsonDoc(AddDocumentTest.java:148)
Caused by: com.couchbase.client.deps.com.fasterxml.jackson.core.JsonParseException: Unrecognized token &apos;test&apos;: was expecting &apos;null&apos;, &apos;true&apos;, &apos;false&apos; or NaN
 at [Source: (String)&quot;test&quot;; line: 1, column: 9]
	at com.couchbase.client.deps.com.fasterxml.jackson.core.JsonParser._constructError(JsonParser.java:1804)
	at com.couchbase.client.deps.com.fasterxml.jackson.core.base.ParserMinimalBase._reportError(ParserMinimalBase.java:679)
	at com.couchbase.client.deps.com.fasterxml.jackson.core.json.ReaderBasedJsonParser._reportInvalidToken(ReaderBasedJsonParser.java:2839)
	at com.couchbase.client.deps.com.fasterxml.jackson.core.json.ReaderBasedJsonParser._reportInvalidToken(ReaderBasedJsonParser.java:2817)
	at com.couchbase.client.deps.com.fasterxml.jackson.core.json.ReaderBasedJsonParser._matchToken2(ReaderBasedJsonParser.java:2622)
	at com.couchbase.client.deps.com.fasterxml.jackson.core.json.ReaderBasedJsonParser._matchToken(ReaderBasedJsonParser.java:2600)
	at com.couchbase.client.deps.com.fasterxml.jackson.core.json.ReaderBasedJsonParser._matchTrue(ReaderBasedJsonParser.java:2558)
	at com.couchbase.client.deps.com.fasterxml.jackson.core.json.ReaderBasedJsonParser.nextToken(ReaderBasedJsonParser.java:717)
	at com.couchbase.client.deps.com.fasterxml.jackson.databind.ObjectMapper._initForReading(ObjectMapper.java:4141)
	at com.couchbase.client.deps.com.fasterxml.jackson.databind.ObjectMapper._readMapAndClose(ObjectMapper.java:4000)
	at com.couchbase.client.deps.com.fasterxml.jackson.databind.ObjectMapper.readValue(ObjectMapper.java:3004)
	at com.couchbase.client.java.transcoder.JsonTranscoder.stringToJsonObject(JsonTranscoder.java:80)
	at com.couchbase.client.java.document.json.JsonObject.fromJson(JsonObject.java:188)
	... 27 more
... Removed 25 stack frames</pre></div><a href='#' onClick='toggleBox("stack-trace406749219", this, "Click to show all stack frames", "Click to hide stack frames")'>Click to show all stack frames</a>
<div class='stack-trace' id='stack-trace406749219'><pre>java.lang.IllegalArgumentException: Cannot convert string to JsonObject
	at com.couchbase.client.java.document.json.JsonObject.fromJson(JsonObject.java:190)
	at cb.loadDoc.AddDocument.asyncInsert(AddDocument.java:60)
	at cb.loadDoc.AddDocumentTest.testAsyncNonJsonDoc(AddDocumentTest.java:148)
	at java.base/jdk.internal.reflect.NativeMethodAccessorImpl.invoke0(Native Method)
	at java.base/jdk.internal.reflect.NativeMethodAccessorImpl.invoke(NativeMethodAccessorImpl.java:62)
	at java.base/jdk.internal.reflect.DelegatingMethodAccessorImpl.invoke(DelegatingMethodAccessorImpl.java:43)
	at java.base/java.lang.reflect.Method.invoke(Method.java:564)
	at org.testng.internal.MethodInvocationHelper.invokeMethod(MethodInvocationHelper.java:124)
	at org.testng.internal.Invoker.invokeMethod(Invoker.java:583)
	at org.testng.internal.Invoker.invokeTestMethod(Invoker.java:719)
	at org.testng.internal.Invoker.invokeTestMethods(Invoker.java:989)
	at org.testng.internal.TestMethodWorker.invokeTestMethods(TestMethodWorker.java:125)
	at org.testng.internal.TestMethodWorker.run(TestMethodWorker.java:109)
	at org.testng.TestRunner.privateRun(TestRunner.java:648)
	at org.testng.TestRunner.run(TestRunner.java:505)
	at org.testng.SuiteRunner.runTest(SuiteRunner.java:455)
	at org.testng.SuiteRunner.runSequentially(SuiteRunner.java:450)
	at org.testng.SuiteRunner.privateRun(SuiteRunner.java:415)
	at org.testng.SuiteRunner.run(SuiteRunner.java:364)
	at org.testng.SuiteRunnerWorker.runSuite(SuiteRunnerWorker.java:52)
	at org.testng.SuiteRunnerWorker.run(SuiteRunnerWorker.java:84)
	at org.testng.TestNG.runSuitesSequentially(TestNG.java:1208)
	at org.testng.TestNG.runSuitesLocally(TestNG.java:1137)
	at org.testng.TestNG.runSuites(TestNG.java:1049)
	at org.testng.TestNG.run(TestNG.java:1017)
	at org.testng.remote.AbstractRemoteTestNG.run(AbstractRemoteTestNG.java:115)
	at org.testng.remote.RemoteTestNG.initAndRun(RemoteTestNG.java:251)
	at org.testng.remote.RemoteTestNG.main(RemoteTestNG.java:77)
Caused by: com.couchbase.client.deps.com.fasterxml.jackson.core.JsonParseException: Unrecognized token &apos;test&apos;: was expecting &apos;null&apos;, &apos;true&apos;, &apos;false&apos; or NaN
 at [Source: (String)&quot;test&quot;; line: 1, column: 9]
	at com.couchbase.client.deps.com.fasterxml.jackson.core.JsonParser._constructError(JsonParser.java:1804)
	at com.couchbase.client.deps.com.fasterxml.jackson.core.base.ParserMinimalBase._reportError(ParserMinimalBase.java:679)
	at com.couchbase.client.deps.com.fasterxml.jackson.core.json.ReaderBasedJsonParser._reportInvalidToken(ReaderBasedJsonParser.java:2839)
	at com.couchbase.client.deps.com.fasterxml.jackson.core.json.ReaderBasedJsonParser._reportInvalidToken(ReaderBasedJsonParser.java:2817)
	at com.couchbase.client.deps.com.fasterxml.jackson.core.json.ReaderBasedJsonParser._matchToken2(ReaderBasedJsonParser.java:2622)
	at com.couchbase.client.deps.com.fasterxml.jackson.core.json.ReaderBasedJsonParser._matchToken(ReaderBasedJsonParser.java:2600)
	at com.couchbase.client.deps.com.fasterxml.jackson.core.json.ReaderBasedJsonParser._matchTrue(ReaderBasedJsonParser.java:2558)
	at com.couchbase.client.deps.com.fasterxml.jackson.core.json.ReaderBasedJsonParser.nextToken(ReaderBasedJsonParser.java:717)
	at com.couchbase.client.deps.com.fasterxml.jackson.databind.ObjectMapper._initForReading(ObjectMapper.java:4141)
	at com.couchbase.client.deps.com.fasterxml.jackson.databind.ObjectMapper._readMapAndClose(ObjectMapper.java:4000)
	at com.couchbase.client.deps.com.fasterxml.jackson.databind.ObjectMapper.readValue(ObjectMapper.java:3004)
	at com.couchbase.client.java.transcoder.JsonTranscoder.stringToJsonObject(JsonTranscoder.java:80)
	at com.couchbase.client.java.document.json.JsonObject.fromJson(JsonObject.java:188)
	... 27 more
</pre></div></td>
<td>0</td>
<td>cb.loadDoc.AddDocumentTest@5f16132a</td></tr>
<tr>
<td title='cb.loadDoc.AddDocumentTest.testExpiredDoc()'><b>testExpiredDoc</b><br>Test class: cb.loadDoc.AddDocumentTest</td>
<td><div><pre>java.lang.NullPointerException
	at cb.loadDoc.AddDocument.getDocument(AddDocument.java:97)
	at cb.loadDoc.AddDocumentTest.testExpiredDoc(AddDocumentTest.java:77)
... Removed 25 stack frames</pre></div><a href='#' onClick='toggleBox("stack-trace226690498", this, "Click to show all stack frames", "Click to hide stack frames")'>Click to show all stack frames</a>
<div class='stack-trace' id='stack-trace226690498'><pre>java.lang.NullPointerException
	at cb.loadDoc.AddDocument.getDocument(AddDocument.java:97)
	at cb.loadDoc.AddDocumentTest.testExpiredDoc(AddDocumentTest.java:77)
	at java.base/jdk.internal.reflect.NativeMethodAccessorImpl.invoke0(Native Method)
	at java.base/jdk.internal.reflect.NativeMethodAccessorImpl.invoke(NativeMethodAccessorImpl.java:62)
	at java.base/jdk.internal.reflect.DelegatingMethodAccessorImpl.invoke(DelegatingMethodAccessorImpl.java:43)
	at java.base/java.lang.reflect.Method.invoke(Method.java:564)
	at org.testng.internal.MethodInvocationHelper.invokeMethod(MethodInvocationHelper.java:124)
	at org.testng.internal.Invoker.invokeMethod(Invoker.java:583)
	at org.testng.internal.Invoker.invokeTestMethod(Invoker.java:719)
	at org.testng.internal.Invoker.invokeTestMethods(Invoker.java:989)
	at org.testng.internal.TestMethodWorker.invokeTestMethods(TestMethodWorker.java:125)
	at org.testng.internal.TestMethodWorker.run(TestMethodWorker.java:109)
	at org.testng.TestRunner.privateRun(TestRunner.java:648)
	at org.testng.TestRunner.run(TestRunner.java:505)
	at org.testng.SuiteRunner.runTest(SuiteRunner.java:455)
	at org.testng.SuiteRunner.runSequentially(SuiteRunner.java:450)
	at org.testng.SuiteRunner.privateRun(SuiteRunner.java:415)
	at org.testng.SuiteRunner.run(SuiteRunner.java:364)
	at org.testng.SuiteRunnerWorker.runSuite(SuiteRunnerWorker.java:52)
	at org.testng.SuiteRunnerWorker.run(SuiteRunnerWorker.java:84)
	at org.testng.TestNG.runSuitesSequentially(TestNG.java:1208)
	at org.testng.TestNG.runSuitesLocally(TestNG.java:1137)
	at org.testng.TestNG.runSuites(TestNG.java:1049)
	at org.testng.TestNG.run(TestNG.java:1017)
	at org.testng.remote.AbstractRemoteTestNG.run(AbstractRemoteTestNG.java:115)
	at org.testng.remote.RemoteTestNG.initAndRun(RemoteTestNG.java:251)
	at org.testng.remote.RemoteTestNG.main(RemoteTestNG.java:77)
</pre></div></td>
<td>0</td>
<td>cb.loadDoc.AddDocumentTest@5f16132a</td></tr>
<tr>
<td title='cb.loadDoc.AddDocumentTest.testFileSize()'><b>testFileSize</b><br>Test class: cb.loadDoc.AddDocumentTest</td>
<td><div><pre>com.couchbase.client.java.error.RequestTooBigException
	at cb.loadDoc.AddDocumentTest.testFileSize(AddDocumentTest.java:118)
... Removed 25 stack frames</pre></div><a href='#' onClick='toggleBox("stack-trace1976602906", this, "Click to show all stack frames", "Click to hide stack frames")'>Click to show all stack frames</a>
<div class='stack-trace' id='stack-trace1976602906'><pre>com.couchbase.client.java.error.RequestTooBigException
	at cb.loadDoc.AddDocumentTest.testFileSize(AddDocumentTest.java:118)
	at java.base/jdk.internal.reflect.NativeMethodAccessorImpl.invoke0(Native Method)
	at java.base/jdk.internal.reflect.NativeMethodAccessorImpl.invoke(NativeMethodAccessorImpl.java:62)
	at java.base/jdk.internal.reflect.DelegatingMethodAccessorImpl.invoke(DelegatingMethodAccessorImpl.java:43)
	at java.base/java.lang.reflect.Method.invoke(Method.java:564)
	at org.testng.internal.MethodInvocationHelper.invokeMethod(MethodInvocationHelper.java:124)
	at org.testng.internal.Invoker.invokeMethod(Invoker.java:583)
	at org.testng.internal.Invoker.invokeTestMethod(Invoker.java:719)
	at org.testng.internal.Invoker.invokeTestMethods(Invoker.java:989)
	at org.testng.internal.TestMethodWorker.invokeTestMethods(TestMethodWorker.java:125)
	at org.testng.internal.TestMethodWorker.run(TestMethodWorker.java:109)
	at org.testng.TestRunner.privateRun(TestRunner.java:648)
	at org.testng.TestRunner.run(TestRunner.java:505)
	at org.testng.SuiteRunner.runTest(SuiteRunner.java:455)
	at org.testng.SuiteRunner.runSequentially(SuiteRunner.java:450)
	at org.testng.SuiteRunner.privateRun(SuiteRunner.java:415)
	at org.testng.SuiteRunner.run(SuiteRunner.java:364)
	at org.testng.SuiteRunnerWorker.runSuite(SuiteRunnerWorker.java:52)
	at org.testng.SuiteRunnerWorker.run(SuiteRunnerWorker.java:84)
	at org.testng.TestNG.runSuitesSequentially(TestNG.java:1208)
	at org.testng.TestNG.runSuitesLocally(TestNG.java:1137)
	at org.testng.TestNG.runSuites(TestNG.java:1049)
	at org.testng.TestNG.run(TestNG.java:1017)
	at org.testng.remote.AbstractRemoteTestNG.run(AbstractRemoteTestNG.java:115)
	at org.testng.remote.RemoteTestNG.initAndRun(RemoteTestNG.java:251)
	at org.testng.remote.RemoteTestNG.main(RemoteTestNG.java:77)
</pre></div></td>
<td>0</td>
<td>cb.loadDoc.AddDocumentTest@5f16132a</td></tr>
<tr>
<td title='cb.loadDoc.AddDocumentTest.testMaxCount()'><b>testMaxCount</b><br>Test class: cb.loadDoc.AddDocumentTest</td>
<td></td>
<td>0</td>
<td>cb.loadDoc.AddDocumentTest@5f16132a</td></tr>
<tr>
<td title='cb.loadDoc.AddDocumentTest.testSyncAddExistingDoc()'><b>testSyncAddExistingDoc</b><br>Test class: cb.loadDoc.AddDocumentTest<br>Parameters: {
	"employee": {
		"firstName": "John",
		"lastName": "Smith",
		"website": "john.com"
	}
}, doc_5</td>
<td><div><pre>com.couchbase.client.java.error.DocumentAlreadyExistsException
	at com.couchbase.client.java.bucket.api.Mutate$1$1.call(Mutate.java:154)
	at com.couchbase.client.java.bucket.api.Mutate$1$1.call(Mutate.java:132)
	at rx.internal.operators.OnSubscribeMap$MapSubscriber.onNext(OnSubscribeMap.java:69)
	at rx.observers.Subscribers$5.onNext(Subscribers.java:235)
	at rx.internal.operators.OnSubscribeDoOnEach$DoOnEachSubscriber.onNext(OnSubscribeDoOnEach.java:101)
	at rx.internal.producers.SingleProducer.request(SingleProducer.java:65)
	at rx.internal.producers.ProducerArbiter.setProducer(ProducerArbiter.java:126)
	at rx.internal.operators.OnSubscribeTimeoutTimedWithFallback$TimeoutMainSubscriber.setProducer(OnSubscribeTimeoutTimedWithFallback.java:155)
	at rx.Subscriber.setProducer(Subscriber.java:205)
	at rx.internal.operators.OnSubscribeMap$MapSubscriber.setProducer(OnSubscribeMap.java:102)
	at rx.Subscriber.setProducer(Subscriber.java:205)
	at rx.Subscriber.setProducer(Subscriber.java:205)
	at rx.subjects.AsyncSubject.onCompleted(AsyncSubject.java:103)
	at com.couchbase.client.core.endpoint.AbstractGenericHandler.completeResponse(AbstractGenericHandler.java:508)
	at com.couchbase.client.core.endpoint.AbstractGenericHandler.access$000(AbstractGenericHandler.java:86)
	at com.couchbase.client.core.endpoint.AbstractGenericHandler$1.call(AbstractGenericHandler.java:526)
	at rx.internal.schedulers.ScheduledAction.run(ScheduledAction.java:55)
	at java.base/java.util.concurrent.Executors$RunnableAdapter.call(Executors.java:514)
	at java.base/java.util.concurrent.FutureTask.run(FutureTask.java:264)
	at java.base/java.util.concurrent.ScheduledThreadPoolExecutor$ScheduledFutureTask.run(ScheduledThreadPoolExecutor.java:299)
	at java.base/java.util.concurrent.ThreadPoolExecutor.runWorker(ThreadPoolExecutor.java:1167)
	at java.base/java.util.concurrent.ThreadPoolExecutor$Worker.run(ThreadPoolExecutor.java:641)
	at java.base/java.lang.Thread.run(Thread.java:844)
Caused by: rx.exceptions.OnErrorThrowable$OnNextValue: OnError while emitting onNext value: com.couchbase.client.core.message.kv.InsertResponse.class
	at rx.exceptions.OnErrorThrowable.addValueAsLastCause(OnErrorThrowable.java:118)
	at rx.internal.operators.OnSubscribeMap$MapSubscriber.onNext(OnSubscribeMap.java:73)
	... 20 more
</pre></div><a href='#' onClick='toggleBox("stack-trace177104018", this, "Click to show all stack frames", "Click to hide stack frames")'>Click to show all stack frames</a>
<div class='stack-trace' id='stack-trace177104018'><pre>com.couchbase.client.java.error.DocumentAlreadyExistsException
	at com.couchbase.client.java.bucket.api.Mutate$1$1.call(Mutate.java:154)
	at com.couchbase.client.java.bucket.api.Mutate$1$1.call(Mutate.java:132)
	at rx.internal.operators.OnSubscribeMap$MapSubscriber.onNext(OnSubscribeMap.java:69)
	at rx.observers.Subscribers$5.onNext(Subscribers.java:235)
	at rx.internal.operators.OnSubscribeDoOnEach$DoOnEachSubscriber.onNext(OnSubscribeDoOnEach.java:101)
	at rx.internal.producers.SingleProducer.request(SingleProducer.java:65)
	at rx.internal.producers.ProducerArbiter.setProducer(ProducerArbiter.java:126)
	at rx.internal.operators.OnSubscribeTimeoutTimedWithFallback$TimeoutMainSubscriber.setProducer(OnSubscribeTimeoutTimedWithFallback.java:155)
	at rx.Subscriber.setProducer(Subscriber.java:205)
	at rx.internal.operators.OnSubscribeMap$MapSubscriber.setProducer(OnSubscribeMap.java:102)
	at rx.Subscriber.setProducer(Subscriber.java:205)
	at rx.Subscriber.setProducer(Subscriber.java:205)
	at rx.subjects.AsyncSubject.onCompleted(AsyncSubject.java:103)
	at com.couchbase.client.core.endpoint.AbstractGenericHandler.completeResponse(AbstractGenericHandler.java:508)
	at com.couchbase.client.core.endpoint.AbstractGenericHandler.access$000(AbstractGenericHandler.java:86)
	at com.couchbase.client.core.endpoint.AbstractGenericHandler$1.call(AbstractGenericHandler.java:526)
	at rx.internal.schedulers.ScheduledAction.run(ScheduledAction.java:55)
	at java.base/java.util.concurrent.Executors$RunnableAdapter.call(Executors.java:514)
	at java.base/java.util.concurrent.FutureTask.run(FutureTask.java:264)
	at java.base/java.util.concurrent.ScheduledThreadPoolExecutor$ScheduledFutureTask.run(ScheduledThreadPoolExecutor.java:299)
	at java.base/java.util.concurrent.ThreadPoolExecutor.runWorker(ThreadPoolExecutor.java:1167)
	at java.base/java.util.concurrent.ThreadPoolExecutor$Worker.run(ThreadPoolExecutor.java:641)
	at java.base/java.lang.Thread.run(Thread.java:844)
Caused by: rx.exceptions.OnErrorThrowable$OnNextValue: OnError while emitting onNext value: com.couchbase.client.core.message.kv.InsertResponse.class
	at rx.exceptions.OnErrorThrowable.addValueAsLastCause(OnErrorThrowable.java:118)
	at rx.internal.operators.OnSubscribeMap$MapSubscriber.onNext(OnSubscribeMap.java:73)
	... 20 more
</pre></div></td>
<td>0</td>
<td>cb.loadDoc.AddDocumentTest@5f16132a</td></tr>
<tr>
<td title='cb.loadDoc.AddDocumentTest.testSyncAddExistingDoc()'><b>testSyncAddExistingDoc</b><br>Test class: cb.loadDoc.AddDocumentTest<br>Parameters: {
    "City": "Santa Clara",
    "Temperature": "31 Degree celsius",
    "Humidity": "58 Percent",
    "WeatherDescription": "broken clouds",
    "WindSpeed": "3.6 Km per hour",
    "WindDirectionDegree": "90 Degree"
}, doc_existing_1</td>
<td><div><pre>com.couchbase.client.java.error.DocumentAlreadyExistsException
	at com.couchbase.client.java.bucket.api.Mutate$1$1.call(Mutate.java:154)
	at com.couchbase.client.java.bucket.api.Mutate$1$1.call(Mutate.java:132)
	at rx.internal.operators.OnSubscribeMap$MapSubscriber.onNext(OnSubscribeMap.java:69)
	at rx.observers.Subscribers$5.onNext(Subscribers.java:235)
	at rx.internal.operators.OnSubscribeDoOnEach$DoOnEachSubscriber.onNext(OnSubscribeDoOnEach.java:101)
	at rx.internal.producers.SingleProducer.request(SingleProducer.java:65)
	at rx.internal.producers.ProducerArbiter.setProducer(ProducerArbiter.java:126)
	at rx.internal.operators.OnSubscribeTimeoutTimedWithFallback$TimeoutMainSubscriber.setProducer(OnSubscribeTimeoutTimedWithFallback.java:155)
	at rx.Subscriber.setProducer(Subscriber.java:205)
	at rx.internal.operators.OnSubscribeMap$MapSubscriber.setProducer(OnSubscribeMap.java:102)
	at rx.Subscriber.setProducer(Subscriber.java:205)
	at rx.Subscriber.setProducer(Subscriber.java:205)
	at rx.subjects.AsyncSubject.onCompleted(AsyncSubject.java:103)
	at com.couchbase.client.core.endpoint.AbstractGenericHandler.completeResponse(AbstractGenericHandler.java:508)
	at com.couchbase.client.core.endpoint.AbstractGenericHandler.access$000(AbstractGenericHandler.java:86)
	at com.couchbase.client.core.endpoint.AbstractGenericHandler$1.call(AbstractGenericHandler.java:526)
	at rx.internal.schedulers.ScheduledAction.run(ScheduledAction.java:55)
	at java.base/java.util.concurrent.Executors$RunnableAdapter.call(Executors.java:514)
	at java.base/java.util.concurrent.FutureTask.run(FutureTask.java:264)
	at java.base/java.util.concurrent.ScheduledThreadPoolExecutor$ScheduledFutureTask.run(ScheduledThreadPoolExecutor.java:299)
	at java.base/java.util.concurrent.ThreadPoolExecutor.runWorker(ThreadPoolExecutor.java:1167)
	at java.base/java.util.concurrent.ThreadPoolExecutor$Worker.run(ThreadPoolExecutor.java:641)
	at java.base/java.lang.Thread.run(Thread.java:844)
Caused by: rx.exceptions.OnErrorThrowable$OnNextValue: OnError while emitting onNext value: com.couchbase.client.core.message.kv.InsertResponse.class
	at rx.exceptions.OnErrorThrowable.addValueAsLastCause(OnErrorThrowable.java:118)
	at rx.internal.operators.OnSubscribeMap$MapSubscriber.onNext(OnSubscribeMap.java:73)
	... 20 more
</pre></div><a href='#' onClick='toggleBox("stack-trace48305285", this, "Click to show all stack frames", "Click to hide stack frames")'>Click to show all stack frames</a>
<div class='stack-trace' id='stack-trace48305285'><pre>com.couchbase.client.java.error.DocumentAlreadyExistsException
	at com.couchbase.client.java.bucket.api.Mutate$1$1.call(Mutate.java:154)
	at com.couchbase.client.java.bucket.api.Mutate$1$1.call(Mutate.java:132)
	at rx.internal.operators.OnSubscribeMap$MapSubscriber.onNext(OnSubscribeMap.java:69)
	at rx.observers.Subscribers$5.onNext(Subscribers.java:235)
	at rx.internal.operators.OnSubscribeDoOnEach$DoOnEachSubscriber.onNext(OnSubscribeDoOnEach.java:101)
	at rx.internal.producers.SingleProducer.request(SingleProducer.java:65)
	at rx.internal.producers.ProducerArbiter.setProducer(ProducerArbiter.java:126)
	at rx.internal.operators.OnSubscribeTimeoutTimedWithFallback$TimeoutMainSubscriber.setProducer(OnSubscribeTimeoutTimedWithFallback.java:155)
	at rx.Subscriber.setProducer(Subscriber.java:205)
	at rx.internal.operators.OnSubscribeMap$MapSubscriber.setProducer(OnSubscribeMap.java:102)
	at rx.Subscriber.setProducer(Subscriber.java:205)
	at rx.Subscriber.setProducer(Subscriber.java:205)
	at rx.subjects.AsyncSubject.onCompleted(AsyncSubject.java:103)
	at com.couchbase.client.core.endpoint.AbstractGenericHandler.completeResponse(AbstractGenericHandler.java:508)
	at com.couchbase.client.core.endpoint.AbstractGenericHandler.access$000(AbstractGenericHandler.java:86)
	at com.couchbase.client.core.endpoint.AbstractGenericHandler$1.call(AbstractGenericHandler.java:526)
	at rx.internal.schedulers.ScheduledAction.run(ScheduledAction.java:55)
	at java.base/java.util.concurrent.Executors$RunnableAdapter.call(Executors.java:514)
	at java.base/java.util.concurrent.FutureTask.run(FutureTask.java:264)
	at java.base/java.util.concurrent.ScheduledThreadPoolExecutor$ScheduledFutureTask.run(ScheduledThreadPoolExecutor.java:299)
	at java.base/java.util.concurrent.ThreadPoolExecutor.runWorker(ThreadPoolExecutor.java:1167)
	at java.base/java.util.concurrent.ThreadPoolExecutor$Worker.run(ThreadPoolExecutor.java:641)
	at java.base/java.lang.Thread.run(Thread.java:844)
Caused by: rx.exceptions.OnErrorThrowable$OnNextValue: OnError while emitting onNext value: com.couchbase.client.core.message.kv.InsertResponse.class
	at rx.exceptions.OnErrorThrowable.addValueAsLastCause(OnErrorThrowable.java:118)
	at rx.internal.operators.OnSubscribeMap$MapSubscriber.onNext(OnSubscribeMap.java:73)
	... 20 more
</pre></div></td>
<td>0</td>
<td>cb.loadDoc.AddDocumentTest@5f16132a</td></tr>
<tr>
<td title='cb.loadDoc.AddDocumentTest.testSyncAddNewDoc()'><b>testSyncAddNewDoc</b><br>Test class: cb.loadDoc.AddDocumentTest<br>Parameters: {
	"employee": {
		"firstName": "John",
		"lastName": "Smith",
		"website": "john.com"
	}
}, doc_5</td>
<td></td>
<td>0</td>
<td>cb.loadDoc.AddDocumentTest@5f16132a</td></tr>
<tr>
<td title='cb.loadDoc.AddDocumentTest.testSyncAddNewDoc()'><b>testSyncAddNewDoc</b><br>Test class: cb.loadDoc.AddDocumentTest<br>Parameters: {
    "City": "Santa Clara",
    "Temperature": "31 Degree celsius",
    "Humidity": "58 Percent",
    "WeatherDescription": "broken clouds",
    "WindSpeed": "3.6 Km per hour",
    "WindDirectionDegree": "90 Degree"
}, doc_new_1</td>
<td></td>
<td>0</td>
<td>cb.loadDoc.AddDocumentTest@5f16132a</td></tr>
<tr>
<td title='cb.loadDoc.AddDocumentTest.testSyncEmptyDoc()'><b>testSyncEmptyDoc</b><br>Test class: cb.loadDoc.AddDocumentTest</td>
<td><div><pre>java.lang.IllegalArgumentException: Cannot convert string to JsonObject
	at com.couchbase.client.java.document.json.JsonObject.fromJson(JsonObject.java:190)
	at cb.loadDoc.AddDocument.insertDocument(AddDocument.java:39)
	at cb.loadDoc.AddDocumentTest.testSyncEmptyDoc(AddDocumentTest.java:54)
Caused by: com.couchbase.client.deps.com.fasterxml.jackson.databind.exc.MismatchedInputException: No content to map due to end-of-input
 at [Source: (String)&quot;&quot;; line: 1, column: 0]
	at com.couchbase.client.deps.com.fasterxml.jackson.databind.exc.MismatchedInputException.from(MismatchedInputException.java:59)
	at com.couchbase.client.deps.com.fasterxml.jackson.databind.ObjectMapper._initForReading(ObjectMapper.java:4145)
	at com.couchbase.client.deps.com.fasterxml.jackson.databind.ObjectMapper._readMapAndClose(ObjectMapper.java:4000)
	at com.couchbase.client.deps.com.fasterxml.jackson.databind.ObjectMapper.readValue(ObjectMapper.java:3004)
	at com.couchbase.client.java.transcoder.JsonTranscoder.stringToJsonObject(JsonTranscoder.java:80)
	at com.couchbase.client.java.document.json.JsonObject.fromJson(JsonObject.java:188)
	... 27 more
... Removed 25 stack frames</pre></div><a href='#' onClick='toggleBox("stack-trace1637613097", this, "Click to show all stack frames", "Click to hide stack frames")'>Click to show all stack frames</a>
<div class='stack-trace' id='stack-trace1637613097'><pre>java.lang.IllegalArgumentException: Cannot convert string to JsonObject
	at com.couchbase.client.java.document.json.JsonObject.fromJson(JsonObject.java:190)
	at cb.loadDoc.AddDocument.insertDocument(AddDocument.java:39)
	at cb.loadDoc.AddDocumentTest.testSyncEmptyDoc(AddDocumentTest.java:54)
	at java.base/jdk.internal.reflect.NativeMethodAccessorImpl.invoke0(Native Method)
	at java.base/jdk.internal.reflect.NativeMethodAccessorImpl.invoke(NativeMethodAccessorImpl.java:62)
	at java.base/jdk.internal.reflect.DelegatingMethodAccessorImpl.invoke(DelegatingMethodAccessorImpl.java:43)
	at java.base/java.lang.reflect.Method.invoke(Method.java:564)
	at org.testng.internal.MethodInvocationHelper.invokeMethod(MethodInvocationHelper.java:124)
	at org.testng.internal.Invoker.invokeMethod(Invoker.java:583)
	at org.testng.internal.Invoker.invokeTestMethod(Invoker.java:719)
	at org.testng.internal.Invoker.invokeTestMethods(Invoker.java:989)
	at org.testng.internal.TestMethodWorker.invokeTestMethods(TestMethodWorker.java:125)
	at org.testng.internal.TestMethodWorker.run(TestMethodWorker.java:109)
	at org.testng.TestRunner.privateRun(TestRunner.java:648)
	at org.testng.TestRunner.run(TestRunner.java:505)
	at org.testng.SuiteRunner.runTest(SuiteRunner.java:455)
	at org.testng.SuiteRunner.runSequentially(SuiteRunner.java:450)
	at org.testng.SuiteRunner.privateRun(SuiteRunner.java:415)
	at org.testng.SuiteRunner.run(SuiteRunner.java:364)
	at org.testng.SuiteRunnerWorker.runSuite(SuiteRunnerWorker.java:52)
	at org.testng.SuiteRunnerWorker.run(SuiteRunnerWorker.java:84)
	at org.testng.TestNG.runSuitesSequentially(TestNG.java:1208)
	at org.testng.TestNG.runSuitesLocally(TestNG.java:1137)
	at org.testng.TestNG.runSuites(TestNG.java:1049)
	at org.testng.TestNG.run(TestNG.java:1017)
	at org.testng.remote.AbstractRemoteTestNG.run(AbstractRemoteTestNG.java:115)
	at org.testng.remote.RemoteTestNG.initAndRun(RemoteTestNG.java:251)
	at org.testng.remote.RemoteTestNG.main(RemoteTestNG.java:77)
Caused by: com.couchbase.client.deps.com.fasterxml.jackson.databind.exc.MismatchedInputException: No content to map due to end-of-input
 at [Source: (String)&quot;&quot;; line: 1, column: 0]
	at com.couchbase.client.deps.com.fasterxml.jackson.databind.exc.MismatchedInputException.from(MismatchedInputException.java:59)
	at com.couchbase.client.deps.com.fasterxml.jackson.databind.ObjectMapper._initForReading(ObjectMapper.java:4145)
	at com.couchbase.client.deps.com.fasterxml.jackson.databind.ObjectMapper._readMapAndClose(ObjectMapper.java:4000)
	at com.couchbase.client.deps.com.fasterxml.jackson.databind.ObjectMapper.readValue(ObjectMapper.java:3004)
	at com.couchbase.client.java.transcoder.JsonTranscoder.stringToJsonObject(JsonTranscoder.java:80)
	at com.couchbase.client.java.document.json.JsonObject.fromJson(JsonObject.java:188)
	... 27 more
</pre></div></td>
<td>0</td>
<td>cb.loadDoc.AddDocumentTest@5f16132a</td></tr>
<tr>
<td title='cb.loadDoc.AddDocumentTest.testSyncNonJsonDoc()'><b>testSyncNonJsonDoc</b><br>Test class: cb.loadDoc.AddDocumentTest</td>
<td><div><pre>java.lang.IllegalArgumentException: Cannot convert string to JsonObject
	at com.couchbase.client.java.document.json.JsonObject.fromJson(JsonObject.java:190)
	at cb.loadDoc.AddDocument.insertDocument(AddDocument.java:39)
	at cb.loadDoc.AddDocumentTest.testSyncNonJsonDoc(AddDocumentTest.java:62)
Caused by: com.couchbase.client.deps.com.fasterxml.jackson.core.JsonParseException: Unrecognized token &apos;test&apos;: was expecting &apos;null&apos;, &apos;true&apos;, &apos;false&apos; or NaN
 at [Source: (String)&quot;test&quot;; line: 1, column: 9]
	at com.couchbase.client.deps.com.fasterxml.jackson.core.JsonParser._constructError(JsonParser.java:1804)
	at com.couchbase.client.deps.com.fasterxml.jackson.core.base.ParserMinimalBase._reportError(ParserMinimalBase.java:679)
	at com.couchbase.client.deps.com.fasterxml.jackson.core.json.ReaderBasedJsonParser._reportInvalidToken(ReaderBasedJsonParser.java:2839)
	at com.couchbase.client.deps.com.fasterxml.jackson.core.json.ReaderBasedJsonParser._reportInvalidToken(ReaderBasedJsonParser.java:2817)
	at com.couchbase.client.deps.com.fasterxml.jackson.core.json.ReaderBasedJsonParser._matchToken2(ReaderBasedJsonParser.java:2622)
	at com.couchbase.client.deps.com.fasterxml.jackson.core.json.ReaderBasedJsonParser._matchToken(ReaderBasedJsonParser.java:2600)
	at com.couchbase.client.deps.com.fasterxml.jackson.core.json.ReaderBasedJsonParser._matchTrue(ReaderBasedJsonParser.java:2558)
	at com.couchbase.client.deps.com.fasterxml.jackson.core.json.ReaderBasedJsonParser.nextToken(ReaderBasedJsonParser.java:717)
	at com.couchbase.client.deps.com.fasterxml.jackson.databind.ObjectMapper._initForReading(ObjectMapper.java:4141)
	at com.couchbase.client.deps.com.fasterxml.jackson.databind.ObjectMapper._readMapAndClose(ObjectMapper.java:4000)
	at com.couchbase.client.deps.com.fasterxml.jackson.databind.ObjectMapper.readValue(ObjectMapper.java:3004)
	at com.couchbase.client.java.transcoder.JsonTranscoder.stringToJsonObject(JsonTranscoder.java:80)
	at com.couchbase.client.java.document.json.JsonObject.fromJson(JsonObject.java:188)
	... 27 more
... Removed 25 stack frames</pre></div><a href='#' onClick='toggleBox("stack-trace1697281847", this, "Click to show all stack frames", "Click to hide stack frames")'>Click to show all stack frames</a>
<div class='stack-trace' id='stack-trace1697281847'><pre>java.lang.IllegalArgumentException: Cannot convert string to JsonObject
	at com.couchbase.client.java.document.json.JsonObject.fromJson(JsonObject.java:190)
	at cb.loadDoc.AddDocument.insertDocument(AddDocument.java:39)
	at cb.loadDoc.AddDocumentTest.testSyncNonJsonDoc(AddDocumentTest.java:62)
	at java.base/jdk.internal.reflect.NativeMethodAccessorImpl.invoke0(Native Method)
	at java.base/jdk.internal.reflect.NativeMethodAccessorImpl.invoke(NativeMethodAccessorImpl.java:62)
	at java.base/jdk.internal.reflect.DelegatingMethodAccessorImpl.invoke(DelegatingMethodAccessorImpl.java:43)
	at java.base/java.lang.reflect.Method.invoke(Method.java:564)
	at org.testng.internal.MethodInvocationHelper.invokeMethod(MethodInvocationHelper.java:124)
	at org.testng.internal.Invoker.invokeMethod(Invoker.java:583)
	at org.testng.internal.Invoker.invokeTestMethod(Invoker.java:719)
	at org.testng.internal.Invoker.invokeTestMethods(Invoker.java:989)
	at org.testng.internal.TestMethodWorker.invokeTestMethods(TestMethodWorker.java:125)
	at org.testng.internal.TestMethodWorker.run(TestMethodWorker.java:109)
	at org.testng.TestRunner.privateRun(TestRunner.java:648)
	at org.testng.TestRunner.run(TestRunner.java:505)
	at org.testng.SuiteRunner.runTest(SuiteRunner.java:455)
	at org.testng.SuiteRunner.runSequentially(SuiteRunner.java:450)
	at org.testng.SuiteRunner.privateRun(SuiteRunner.java:415)
	at org.testng.SuiteRunner.run(SuiteRunner.java:364)
	at org.testng.SuiteRunnerWorker.runSuite(SuiteRunnerWorker.java:52)
	at org.testng.SuiteRunnerWorker.run(SuiteRunnerWorker.java:84)
	at org.testng.TestNG.runSuitesSequentially(TestNG.java:1208)
	at org.testng.TestNG.runSuitesLocally(TestNG.java:1137)
	at org.testng.TestNG.runSuites(TestNG.java:1049)
	at org.testng.TestNG.run(TestNG.java:1017)
	at org.testng.remote.AbstractRemoteTestNG.run(AbstractRemoteTestNG.java:115)
	at org.testng.remote.RemoteTestNG.initAndRun(RemoteTestNG.java:251)
	at org.testng.remote.RemoteTestNG.main(RemoteTestNG.java:77)
Caused by: com.couchbase.client.deps.com.fasterxml.jackson.core.JsonParseException: Unrecognized token &apos;test&apos;: was expecting &apos;null&apos;, &apos;true&apos;, &apos;false&apos; or NaN
 at [Source: (String)&quot;test&quot;; line: 1, column: 9]
	at com.couchbase.client.deps.com.fasterxml.jackson.core.JsonParser._constructError(JsonParser.java:1804)
	at com.couchbase.client.deps.com.fasterxml.jackson.core.base.ParserMinimalBase._reportError(ParserMinimalBase.java:679)
	at com.couchbase.client.deps.com.fasterxml.jackson.core.json.ReaderBasedJsonParser._reportInvalidToken(ReaderBasedJsonParser.java:2839)
	at com.couchbase.client.deps.com.fasterxml.jackson.core.json.ReaderBasedJsonParser._reportInvalidToken(ReaderBasedJsonParser.java:2817)
	at com.couchbase.client.deps.com.fasterxml.jackson.core.json.ReaderBasedJsonParser._matchToken2(ReaderBasedJsonParser.java:2622)
	at com.couchbase.client.deps.com.fasterxml.jackson.core.json.ReaderBasedJsonParser._matchToken(ReaderBasedJsonParser.java:2600)
	at com.couchbase.client.deps.com.fasterxml.jackson.core.json.ReaderBasedJsonParser._matchTrue(ReaderBasedJsonParser.java:2558)
	at com.couchbase.client.deps.com.fasterxml.jackson.core.json.ReaderBasedJsonParser.nextToken(ReaderBasedJsonParser.java:717)
	at com.couchbase.client.deps.com.fasterxml.jackson.databind.ObjectMapper._initForReading(ObjectMapper.java:4141)
	at com.couchbase.client.deps.com.fasterxml.jackson.databind.ObjectMapper._readMapAndClose(ObjectMapper.java:4000)
	at com.couchbase.client.deps.com.fasterxml.jackson.databind.ObjectMapper.readValue(ObjectMapper.java:3004)
	at com.couchbase.client.java.transcoder.JsonTranscoder.stringToJsonObject(JsonTranscoder.java:80)
	at com.couchbase.client.java.document.json.JsonObject.fromJson(JsonObject.java:188)
	... 27 more
</pre></div></td>
<td>0</td>
<td>cb.loadDoc.AddDocumentTest@5f16132a</td></tr>
</table><p>
</body>
</html>